2026-01-20 11:17:27,655 [INFO] Starte Sync (Movies only, State-based)...
2026-01-20 11:17:27,655 [WARNING] Keine Playlists zur Synchronisation gewaehlt. Nutze select_lists.py.
2026-01-20 12:20:54,276 [INFO] Starte Sync...
2026-01-20 12:20:55,061 [INFO] Liste '01) My Favorites': Synchronisiere...
2026-01-20 12:20:55,244 [INFO]   [1/108] Verarbeite: Conspiracy Theory
2026-01-20 12:20:55,743 [INFO]     [MATCH] 'Conspiracy Theory' -> JF_ID: 4fc70f9618aa9860318348be855cbed5
2026-01-20 12:20:55,747 [INFO]   [2/108] Verarbeite: Predator: Badlands
2026-01-20 12:20:56,119 [INFO]     [MATCH] 'Predator: Badlands' -> JF_ID: 235940dbe968dcb0185c1998bf632cbc
2026-01-20 12:20:56,121 [INFO]   [3/108] Verarbeite: Prey
2026-01-20 12:20:56,502 [INFO]     [MATCH] 'Prey' -> JF_ID: f1c209643edf6fafd2bbd7022a8ebbd7
2026-01-20 12:20:56,504 [INFO]   [4/108] Verarbeite: The Bourne Legacy
2026-01-20 12:20:56,867 [INFO]     [MATCH] 'The Bourne Legacy' -> JF_ID: 3baae1246e77e41247bf9a5a70ffab29
2026-01-20 12:20:56,868 [INFO]   [5/108] Verarbeite: The Bourne Identity
2026-01-20 12:20:57,213 [INFO]     [MATCH] 'The Bourne Identity' -> JF_ID: f8405b3c417e3aabd24ac5ddd8907ad3
2026-01-20 12:20:57,215 [INFO]   [6/108] Verarbeite: The Dark Tower
2026-01-20 12:20:57,621 [INFO]     [MATCH] 'The Dark Tower' -> JF_ID: 9d340ee5ece313af7c51f6f00135e198
2026-01-20 12:20:57,623 [INFO]   [7/108] Verarbeite: Munich
2026-01-20 12:20:57,993 [INFO]     [MATCH] 'Munich' -> JF_ID: 748e97002ce6c705c15ce44b30a4b773
2026-01-20 12:20:57,995 [INFO]   [8/108] Verarbeite: Ad Astra
2026-01-20 12:20:58,368 [INFO]     [MATCH] 'Ad Astra' -> JF_ID: 8876bab59258ac96e371d051b242dcc3
2026-01-20 12:20:58,370 [INFO]   [9/108] Verarbeite: Live Free or Die Hard
2026-01-20 12:20:58,726 [INFO]     [MATCH] 'Live Free or Die Hard' -> JF_ID: c667737449004ed50838ee4d59fae470
2026-01-20 12:20:58,728 [INFO]   [10/108] Verarbeite: The Man from U.N.C.L.E.
2026-01-20 12:20:59,101 [INFO]     [MATCH] 'The Man from U.N.C.L.E.' -> JF_ID: 9a0da479edfad3f9b18df5d1a9e7bc8f
2026-01-20 12:20:59,103 [INFO]   [11/108] Verarbeite: The Sum of All Fears
2026-01-20 12:20:59,492 [INFO]     [MATCH] 'The Sum of All Fears' -> JF_ID: d96f8ef3c554fc8af97ebc4e30de9847
2026-01-20 12:20:59,493 [INFO]   [12/108] Verarbeite: Dune: Part Two
2026-01-20 12:20:59,864 [INFO]     [MATCH] 'Dune: Part Two' -> JF_ID: b63566db1be2809292fb67551c5d1396
2026-01-20 12:20:59,865 [INFO]   [13/108] Verarbeite: Jupiter Ascending
2026-01-20 12:21:00,226 [INFO]     [MATCH] 'Jupiter Ascending' -> JF_ID: 0ee3be506287feb7f39ed1966169f2db
2026-01-20 12:21:00,228 [INFO]   [14/108] Verarbeite: Zodiac
2026-01-20 12:21:00,610 [INFO]     [MATCH] 'Zodiac' -> JF_ID: 3b0a4fd1cf878c34db20579b06da2a6a
2026-01-20 12:21:00,611 [INFO]   [15/108] Verarbeite: Source Code
2026-01-20 12:21:00,979 [INFO]     [MATCH] 'Source Code' -> JF_ID: f25849243435f40353682e2061f0e92d
2026-01-20 12:21:00,981 [INFO]   [16/108] Verarbeite: Dune
2026-01-20 12:21:01,358 [INFO]     [MATCH] 'Dune' -> JF_ID: f76edb7f6c01f70383dc36e1c000d2a5
2026-01-20 12:21:01,360 [INFO]   [17/108] Verarbeite: Enemy of the State
2026-01-20 12:21:01,731 [INFO]     [MATCH] 'Enemy of the State' -> JF_ID: 47bb1d8e8299d173cc913120b9ebf4ec
2026-01-20 12:21:01,733 [INFO]   [18/108] Verarbeite: The Creator
2026-01-20 12:21:02,097 [INFO]     [MATCH] 'The Creator' -> JF_ID: 27a7a6b7a6d7482ea6cffe7d27c826fd
2026-01-20 12:21:02,099 [INFO]   [19/108] Verarbeite: 300
2026-01-20 12:21:02,462 [INFO]     [MATCH] '300' -> JF_ID: 0e5bdd7bfc73e66a5572aa3a611b55d2
2026-01-20 12:21:02,463 [INFO]   [20/108] Verarbeite: The Accountant
2026-01-20 12:21:02,843 [INFO]     [MATCH] 'The Accountant' -> JF_ID: 9b6d5bbfa18bcda6c75b1804088d7da5
2026-01-20 12:21:02,844 [INFO]   [21/108] Verarbeite: Rush
2026-01-20 12:21:03,210 [INFO]     [MATCH] 'Rush' -> JF_ID: 4de780d3d00e53f53f78cace561d86e2
2026-01-20 12:21:03,212 [INFO]   [22/108] Verarbeite: Gattaca
2026-01-20 12:21:03,637 [INFO]     [MATCH] 'Gattaca' -> JF_ID: 3c106eb3245a3ba032a27c83c4e3c3d2
2026-01-20 12:21:03,638 [INFO]   [23/108] Verarbeite: Bullet Train
2026-01-20 12:21:04,002 [INFO]   [24/108] Verarbeite: Riddick
2026-01-20 12:21:04,369 [INFO]     [MATCH] 'Riddick' -> JF_ID: 869d895dda7974c709a97a10951576d0
2026-01-20 12:21:04,370 [INFO]   [25/108] Verarbeite: Conclave
2026-01-20 12:21:04,703 [INFO]     [MATCH] 'Conclave' -> JF_ID: dba2949f368ca9bdabae4afc1e1ce144
2026-01-20 12:21:04,705 [INFO]   [26/108] Verarbeite: Beowulf
2026-01-20 12:21:05,083 [INFO]     [MATCH] 'Beowulf' -> JF_ID: 31d3eb48d81860981e2c086cd8d365f3
2026-01-20 12:21:05,084 [INFO]   [27/108] Verarbeite: Contagion
2026-01-20 12:21:05,456 [INFO]     [MATCH] 'Contagion' -> JF_ID: 34c23cc9884d11d695f29ce4b5ba24f8
2026-01-20 12:21:05,458 [INFO]   [28/108] Verarbeite: Star Trek Into Darkness
2026-01-20 12:21:05,829 [INFO]     [MATCH] 'Star Trek Into Darkness' -> JF_ID: 5d3b7e490b8ae7c8356d38384fc340cd
2026-01-20 12:21:05,830 [INFO]   [29/108] Verarbeite: The Last King of Scotland
2026-01-20 12:21:06,196 [INFO]     [MATCH] 'The Last King of Scotland' -> JF_ID: d866be389767cee0ded4baa79314c455
2026-01-20 12:21:06,197 [INFO]   [30/108] Verarbeite: Star Trek
2026-01-20 12:21:06,645 [INFO]     [MATCH] 'Star Trek' -> JF_ID: a88cedfd6032f2ceedf3a9e8531e9a3d
2026-01-20 12:21:06,647 [INFO]   [31/108] Verarbeite: The Predator
2026-01-20 12:21:07,006 [INFO]     [MATCH] 'The Predator' -> JF_ID: fee9171fbc03c016f8047c610ce63fba
2026-01-20 12:21:07,008 [INFO]   [32/108] Verarbeite: The Bone Collector
2026-01-20 12:21:07,376 [INFO]     [MATCH] 'The Bone Collector' -> JF_ID: c6144c9fc05f9d306dda26a71905175d
2026-01-20 12:21:07,378 [INFO]   [33/108] Verarbeite: Watchmen
2026-01-20 12:21:07,714 [INFO]     [MATCH] 'Watchmen' -> JF_ID: 22aee1e293f687583b35abbdad8dbb61
2026-01-20 12:21:07,715 [INFO]   [34/108] Verarbeite: Déjà Vu
2026-01-20 12:21:08,078 [INFO]     [MATCH] 'Déjà Vu' -> JF_ID: 6e7d8fb411f20b4ce1f88b32111c9685
2026-01-20 12:21:08,080 [INFO]   [35/108] Verarbeite: The Ministry of Ungentlemanly Warfare
2026-01-20 12:21:08,454 [INFO]     [MATCH] 'The Ministry of Ungentlemanly Warfare' -> JF_ID: 532c65ad87bc3055e4a70c11418b726a
2026-01-20 12:21:08,456 [INFO]   [36/108] Verarbeite: The Name of the Rose
2026-01-20 12:21:08,825 [INFO]     [MATCH] 'The Name of the Rose' -> JF_ID: e1f456069dec6131e09b79d241f5934d
2026-01-20 12:21:08,827 [INFO]   [37/108] Verarbeite: The Core
2026-01-20 12:21:09,194 [INFO]     [MATCH] 'The Core' -> JF_ID: 31fd573685d0e6f06981d34d98282b21
2026-01-20 12:21:09,195 [INFO]   [38/108] Verarbeite: Underwater
2026-01-20 12:21:09,618 [INFO]     [MATCH] 'Underwater' -> JF_ID: 40369e40ce07fde20d67fc369226c366
2026-01-20 12:21:09,620 [INFO]   [39/108] Verarbeite: Léon: The Professional
2026-01-20 12:21:09,995 [INFO]     [MATCH] 'Léon: The Professional' -> JF_ID: 5cf3381bf56b66d1dbe9e744540a6c26
2026-01-20 12:21:09,998 [INFO]   [40/108] Verarbeite: Saving Private Ryan
2026-01-20 12:21:10,347 [INFO]     [MATCH] 'Saving Private Ryan' -> JF_ID: 258f039e3bdd290b25d17fd7ad03f557
2026-01-20 12:21:10,349 [INFO]   [41/108] Verarbeite: The Siege
2026-01-20 12:21:10,752 [INFO]     [MATCH] 'The Siege' -> JF_ID: 8c4b9d00807d375b7273f380f7a36de1
2026-01-20 12:21:10,754 [INFO]   [42/108] Verarbeite: Shooter
2026-01-20 12:21:11,152 [INFO]     [MATCH] 'Shooter' -> JF_ID: 09246b19d2a59e7ec0bbad1e45d0496f
2026-01-20 12:21:11,153 [INFO]   [43/108] Verarbeite: Zero Dark Thirty
2026-01-20 12:21:11,522 [INFO]     [MATCH] 'Zero Dark Thirty' -> JF_ID: 335a11cd154025f0de44d21dd303c8a7
2026-01-20 12:21:11,524 [INFO]   [44/108] Verarbeite: Hitman
2026-01-20 12:21:11,873 [INFO]     [MATCH] 'Hitman' -> JF_ID: e7aa612a6eb2c02119c884b04df7e70e
2026-01-20 12:21:11,876 [INFO]   [45/108] Verarbeite: Constantine
2026-01-20 12:21:12,246 [INFO]     [MATCH] 'Constantine' -> JF_ID: 5767020a7775b186a707a9750e10b22c
2026-01-20 12:21:12,247 [INFO]   [46/108] Verarbeite: Eagle Eye
2026-01-20 12:21:12,602 [INFO]     [MATCH] 'Eagle Eye' -> JF_ID: 88dcb6824687ec58ad13ecba587d55e3
2026-01-20 12:21:12,604 [INFO]   [47/108] Verarbeite: The Equalizer
2026-01-20 12:21:12,973 [INFO]     [MATCH] 'The Equalizer' -> JF_ID: c531f5725169f010d4fd1ccd3d02bd20
2026-01-20 12:21:12,975 [INFO]   [48/108] Verarbeite: Kingsman: The Secret Service
2026-01-20 12:21:13,378 [INFO]     [MATCH] 'Kingsman: The Secret Service' -> JF_ID: 1780540c4e88a72e8eb4b212c48673e2
2026-01-20 12:21:13,379 [INFO]   [49/108] Verarbeite: Valerian and the City of a Thousand Planets
2026-01-20 12:21:13,747 [INFO]     [MATCH] 'Valerian and the City of a Thousand Planets' -> JF_ID: f16808fc6334c0dfe0c54910f05edf17
2026-01-20 12:21:13,749 [INFO]   [50/108] Verarbeite: Sherlock Holmes: A Game of Shadows
2026-01-20 12:21:14,119 [INFO]     [MATCH] 'Sherlock Holmes: A Game of Shadows' -> JF_ID: d754335c3d2efd0036b6ec272d25a457
2026-01-20 12:21:14,121 [INFO]   [51/108] Verarbeite: Sherlock Holmes
2026-01-20 12:21:14,508 [INFO]     [MATCH] 'Sherlock Holmes' -> JF_ID: cf01ffcbd1186f38e7d8d93e9ae77da9
2026-01-20 12:21:14,510 [INFO]   [52/108] Verarbeite: Atomic Blonde
2026-01-20 12:21:14,880 [INFO]     [MATCH] 'Atomic Blonde' -> JF_ID: afb7d9062eaf5dc43ac955d802808bb4
2026-01-20 12:21:14,882 [INFO]   [53/108] Verarbeite: Poltergeist
2026-01-20 12:21:15,251 [INFO]     [MATCH] 'Poltergeist' -> JF_ID: 61fc45bcbbac8d2b4a72bdbe44fc6906
2026-01-20 12:21:15,253 [INFO]   [54/108] Verarbeite: Edge of Tomorrow
2026-01-20 12:21:15,646 [INFO]     [MATCH] 'Edge of Tomorrow' -> JF_ID: 3db42ba01cdb4eb3923c6213f26e3de2
2026-01-20 12:21:15,647 [INFO]   [55/108] Verarbeite: Alien
2026-01-20 12:21:16,013 [INFO]     [MATCH] 'Alien' -> JF_ID: cf38185059da7f2aeae1c90ba19c3cfb
2026-01-20 12:21:16,014 [INFO]   [56/108] Verarbeite: Salt
2026-01-20 12:21:16,389 [INFO]     [MATCH] 'Salt' -> JF_ID: 828473c5cad09aa0f5030afb611c81f0
2026-01-20 12:21:16,391 [INFO]   [57/108] Verarbeite: Interstellar
2026-01-20 12:21:16,785 [INFO]     [MATCH] 'Interstellar' -> JF_ID: 1ec008d0e14262eb51e3116ffeec7d7f
2026-01-20 12:21:16,787 [INFO]   [58/108] Verarbeite: Avengers: Endgame
2026-01-20 12:21:17,163 [INFO]     [MATCH] 'Avengers: Endgame' -> JF_ID: 5beb2c332a8b9d5982a1e2290b679db0
2026-01-20 12:21:17,165 [INFO]   [59/108] Verarbeite: Avengers: Infinity War
2026-01-20 12:21:17,531 [INFO]     [MATCH] 'Avengers: Infinity War' -> JF_ID: 35a187c452ffd35dfb855c1ae5567e36
2026-01-20 12:21:17,533 [INFO]   [60/108] Verarbeite: The Martian
2026-01-20 12:21:17,881 [INFO]     [MATCH] 'The Martian' -> JF_ID: 18bdd71fb773fbfe4794988c72716020
2026-01-20 12:21:17,883 [INFO]   [61/108] Verarbeite: Syriana
2026-01-20 12:21:18,257 [INFO]     [MATCH] 'Syriana' -> JF_ID: 955352d860db115604b61bb07895f3bb
2026-01-20 12:21:18,258 [INFO]   [62/108] Verarbeite: Prometheus
2026-01-20 12:21:18,699 [INFO]     [MATCH] 'Prometheus' -> JF_ID: 4259c1e6f0aad2f5aee6d9d4be3dcc96
2026-01-20 12:21:18,701 [INFO]   [63/108] Verarbeite: Southland Tales
2026-01-20 12:21:19,069 [INFO]     [MATCH] 'Southland Tales' -> JF_ID: 2bd9f7c914670d9d0858fdbf56f76801
2026-01-20 12:21:19,071 [INFO]   [64/108] Verarbeite: Forrest Gump
2026-01-20 12:21:19,437 [INFO]     [MATCH] 'Forrest Gump' -> JF_ID: a62617c47aac40d34ba87275fce80bab
2026-01-20 12:21:19,440 [INFO]   [65/108] Verarbeite: Sin City
2026-01-20 12:21:19,817 [INFO]     [MATCH] 'Sin City' -> JF_ID: 53360527c32ce561ff25e27d0bfb4450
2026-01-20 12:21:19,818 [INFO]   [66/108] Verarbeite: Donnie Darko
2026-01-20 12:21:20,181 [INFO]     [MATCH] 'Donnie Darko' -> JF_ID: df414fd3b6a2aec3fe6c206a63e6da24
2026-01-20 12:21:20,183 [INFO]   [67/108] Verarbeite: The Day the Earth Stood Still
2026-01-20 12:21:20,552 [INFO]     [MATCH] 'The Day the Earth Stood Still' -> JF_ID: 9795291ce7de985a36885d1341c62e3c
2026-01-20 12:21:20,553 [INFO]   [68/108] Verarbeite: Ocean's Eleven
2026-01-20 12:21:20,912 [INFO]     [MATCH] 'Ocean's Eleven' -> JF_ID: b39029e5c90da25c6cf220cd10d96272
2026-01-20 12:21:20,914 [INFO]   [69/108] Verarbeite: The Kingdom
2026-01-20 12:21:21,271 [INFO]     [MATCH] 'The Kingdom' -> JF_ID: f115aff83137171589c3f43bef986999
2026-01-20 12:21:21,273 [INFO]   [70/108] Verarbeite: The Silence of the Lambs
2026-01-20 12:21:21,687 [INFO]     [MATCH] 'The Silence of the Lambs' -> JF_ID: d4b2190d1aa3e4eda58f90b95e752393
2026-01-20 12:21:21,688 [INFO]   [71/108] Verarbeite: Take Shelter
2026-01-20 12:21:22,057 [INFO]     [MATCH] 'Take Shelter' -> JF_ID: 743d743178be7fdf33198e935d6c0ac9
2026-01-20 12:21:22,058 [INFO]   [72/108] Verarbeite: The Fifth Element
2026-01-20 12:21:22,402 [INFO]     [MATCH] 'The Fifth Element' -> JF_ID: 235661f114f4282eb24f882b9821d9e2
2026-01-20 12:21:22,403 [INFO]   [73/108] Verarbeite: The Imitation Game
2026-01-20 12:21:22,780 [INFO]     [MATCH] 'The Imitation Game' -> JF_ID: e92b5951b568fbfbab30d8ee84900805
2026-01-20 12:21:22,782 [INFO]   [74/108] Verarbeite: American Made
2026-01-20 12:21:23,153 [INFO]     [MATCH] 'American Made' -> JF_ID: e91aeec9115373bd5a80a3823f8204d0
2026-01-20 12:21:23,154 [INFO]   [75/108] Verarbeite: Angel Heart
2026-01-20 12:21:23,493 [INFO]     [MATCH] 'Angel Heart' -> JF_ID: 435a3ec35d618ab5ae25aecf672d8729
2026-01-20 12:21:23,494 [INFO]   [76/108] Verarbeite: Looper
2026-01-20 12:21:23,860 [INFO]     [MATCH] 'Looper' -> JF_ID: 3e6f94125cc0024218cec58c273267ac
2026-01-20 12:21:23,862 [INFO]   [77/108] Verarbeite: Good Will Hunting
2026-01-20 12:21:24,241 [INFO]     [MATCH] 'Good Will Hunting' -> JF_ID: ecae19263d97915ae17e9d67837ce289
2026-01-20 12:21:24,243 [INFO]   [78/108] Verarbeite: GoodFellas
2026-01-20 12:21:24,644 [INFO]     [MATCH] 'GoodFellas' -> JF_ID: 88ffcc4d6ec41bb7eff35b2e51c64d26
2026-01-20 12:21:24,645 [INFO]   [79/108] Verarbeite: Sky Captain and the World of Tomorrow
2026-01-20 12:21:25,013 [INFO]     [MATCH] 'Sky Captain and the World of Tomorrow' -> JF_ID: 05ff4cbf8ccd4247b713629a7262fa19
2026-01-20 12:21:25,014 [INFO]   [80/108] Verarbeite: Taking Lives
2026-01-20 12:21:25,378 [INFO]     [MATCH] 'Taking Lives' -> JF_ID: 25658571f9228d5710e120b641ba76f8
2026-01-20 12:21:25,380 [INFO]   [81/108] Verarbeite: District 9
2026-01-20 12:21:25,753 [INFO]     [MATCH] 'District 9' -> JF_ID: 4adc2b74e4c80bbd5315ceb54443c2e1
2026-01-20 12:21:25,755 [INFO]   [82/108] Verarbeite: Predestination
2026-01-20 12:21:26,115 [INFO]     [MATCH] 'Predestination' -> JF_ID: 9b2d15ef77c37c536a9bf49ff9e5f91a
2026-01-20 12:21:26,118 [INFO]   [83/108] Verarbeite: Dark Shadows
2026-01-20 12:21:26,455 [INFO]     [MATCH] 'Dark Shadows' -> JF_ID: 4314ac6a79af0fa812d4137385c0617a
2026-01-20 12:21:26,457 [INFO]   [84/108] Verarbeite: Dr. Strangelove or: How I Learned to Stop Worrying and Love the Bomb
2026-01-20 12:21:26,828 [INFO]     [MATCH] 'Dr. Strangelove or: How I Learned to Stop Worrying and Love the Bomb' -> JF_ID: da5e6f33e7ac61993e7135f41d0fd7fd
2026-01-20 12:21:26,830 [INFO]   [85/108] Verarbeite: Dogma
2026-01-20 12:21:27,201 [INFO]     [MATCH] 'Dogma' -> JF_ID: 68b25f916a530833effd87217d93dd46
2026-01-20 12:21:27,203 [INFO]   [86/108] Verarbeite: Alita: Battle Angel
2026-01-20 12:21:27,590 [INFO]     [MATCH] 'Alita: Battle Angel' -> JF_ID: 9f3c04ec826a285eb726403e494af5e6
2026-01-20 12:21:27,591 [INFO]   [87/108] Verarbeite: Brotherhood of the Wolf
2026-01-20 12:21:27,955 [INFO]     [MATCH] 'Brotherhood of the Wolf' -> JF_ID: 82915f3f3536052de69ebbbb2ba72c76
2026-01-20 12:21:27,956 [INFO]   [88/108] Verarbeite: 13 Hours: The Secret Soldiers of Benghazi
2026-01-20 12:21:28,302 [INFO]     [MATCH] '13 Hours: The Secret Soldiers of Benghazi' -> JF_ID: bade5a24ef530e91c2c7d8bec0360ab7
2026-01-20 12:21:28,304 [INFO]   [89/108] Verarbeite: The Men Who Stare at Goats
2026-01-20 12:21:28,678 [INFO]     [MATCH] 'The Men Who Stare at Goats' -> JF_ID: ca1c293dba16f6f4e780d32a8f90bfa0
2026-01-20 12:21:28,680 [INFO]   [90/108] Verarbeite: The Terminator
2026-01-20 12:21:29,021 [INFO]     [MATCH] 'The Terminator' -> JF_ID: 5297ee0417e57bbf7fe2898f614fb74d
2026-01-20 12:21:29,023 [INFO]   [91/108] Verarbeite: From Hell
2026-01-20 12:21:29,361 [INFO]     [MATCH] 'From Hell' -> JF_ID: dc4ac1a6a8b911e4c6e247445df6deb9
2026-01-20 12:21:29,362 [INFO]   [92/108] Verarbeite: The Green Mile
2026-01-20 12:21:29,730 [INFO]     [MATCH] 'The Green Mile' -> JF_ID: f99b4fa16cd2573b19e48755875a3732
2026-01-20 12:21:29,732 [INFO]   [93/108] Verarbeite: Cloud Atlas
2026-01-20 12:21:30,103 [INFO]     [MATCH] 'Cloud Atlas' -> JF_ID: 3a1c39ba73a7b6edb0eca30b2da0c630
2026-01-20 12:21:30,105 [INFO]   [94/108] Verarbeite: Blood Diamond
2026-01-20 12:21:30,527 [INFO]     [MATCH] 'Blood Diamond' -> JF_ID: 994cd572a678f1e50cf82997d930c7bc
2026-01-20 12:21:30,529 [INFO]   [95/108] Verarbeite: Fargo
2026-01-20 12:21:30,860 [INFO]     [MATCH] 'Fargo' -> JF_ID: 4def25cfc7e6af7c4193f72b60b26b1e
2026-01-20 12:21:30,862 [INFO]   [96/108] Verarbeite: The Big Lebowski
2026-01-20 12:21:31,241 [INFO]     [MATCH] 'The Big Lebowski' -> JF_ID: 636a5bc3152690b8f7ef10d72dd5b234
2026-01-20 12:21:31,242 [INFO]   [97/108] Verarbeite: Life of Pi
2026-01-20 12:21:31,623 [INFO]     [MATCH] 'Life of Pi' -> JF_ID: cf61d68f88d8fd4cfa51e60228c690ec
2026-01-20 12:21:31,625 [INFO]   [98/108] Verarbeite: Odd Thomas
2026-01-20 12:21:31,989 [INFO]     [MATCH] 'Odd Thomas' -> JF_ID: f7284c66a3bf6501c1549ccb53f3ccd5
2026-01-20 12:21:31,990 [INFO]   [99/108] Verarbeite: Se7en
2026-01-20 12:21:32,358 [INFO]     [MATCH] 'Se7en' -> JF_ID: d0d87766e4be11608473bd79f0c3993a
2026-01-20 12:21:32,359 [INFO]   [100/108] Verarbeite: Bad Times at the El Royale
2026-01-20 12:21:32,733 [INFO]     [MATCH] 'Bad Times at the El Royale' -> JF_ID: 0676fa40229b44ecacba9e0f7cf8198b
2026-01-20 12:21:32,735 [INFO]   [101/108] Verarbeite: Perfume: The Story of a Murderer
2026-01-20 12:21:33,136 [INFO]     [MATCH] 'Perfume: The Story of a Murderer' -> JF_ID: 696c205d601bbbe225599ef164eff0ef
2026-01-20 12:21:33,137 [INFO]   [102/108] Verarbeite: Mary and Max
2026-01-20 12:21:33,514 [INFO]     [MATCH] 'Mary and Max' -> JF_ID: c130ae614104708e167726b93c4f04b4
2026-01-20 12:21:33,516 [INFO]   [103/108] Verarbeite: Dunkirk
2026-01-20 12:21:33,880 [INFO]     [MATCH] 'Dunkirk' -> JF_ID: 62978ab823364a8da9833ee7d0ca930e
2026-01-20 12:21:33,882 [INFO]   [104/108] Verarbeite: Unlocked
2026-01-20 12:21:34,254 [INFO]     [MATCH] 'Unlocked' -> JF_ID: 57599e1b1bcaa576302b56eb17e469d6
2026-01-20 12:21:34,255 [INFO]   [105/108] Verarbeite: The Hangover
2026-01-20 12:21:34,635 [INFO]     [MATCH] 'The Hangover' -> JF_ID: 56da23902f88855b80134957747b9702
2026-01-20 12:21:34,636 [INFO]   [106/108] Verarbeite: Moon
2026-01-20 12:21:34,999 [INFO]     [MATCH] 'Moon' -> JF_ID: 893442beeebe54ce13ca7ba4a0707364
2026-01-20 12:21:35,001 [INFO]   [107/108] Verarbeite: Pulp Fiction
2026-01-20 12:21:35,406 [INFO]     [MATCH] 'Pulp Fiction' -> JF_ID: b8829e97bb0f3282ff9a130f5ddcedcd
2026-01-20 12:21:35,408 [INFO]   [108/108] Verarbeite: Fight Club
2026-01-20 12:21:35,781 [INFO]     [MATCH] 'Fight Club' -> JF_ID: 51708f71690f39c89ec709140159bfb9
2026-01-20 12:21:35,837 [INFO]   Erfolg: 107 Movies -> '01-my-favorites'.
2026-01-20 12:21:35,862 [INFO] Liste '02) Sabis Favoriten': Synchronisiere...
2026-01-20 12:21:36,069 [INFO]   [1/26] Verarbeite: Conspiracy Theory
2026-01-20 12:21:36,070 [INFO]     [CACHE] 'Conspiracy Theory'
2026-01-20 12:21:36,070 [INFO]   [2/26] Verarbeite: The Bourne Supremacy
2026-01-20 12:21:36,423 [INFO]     [MATCH] 'The Bourne Supremacy' -> JF_ID: 8f76b1681bc14a80d6b7bab2a25a005f
2026-01-20 12:21:36,425 [INFO]   [3/26] Verarbeite: The Bourne Identity
2026-01-20 12:21:36,425 [INFO]     [CACHE] 'The Bourne Identity'
2026-01-20 12:21:36,426 [INFO]   [4/26] Verarbeite: Jack Reacher
2026-01-20 12:21:36,817 [INFO]     [MATCH] 'Jack Reacher' -> JF_ID: 16f1562397a01ea23e31155585ede5cc
2026-01-20 12:21:36,819 [INFO]   [5/26] Verarbeite: The Man from U.N.C.L.E.
2026-01-20 12:21:36,819 [INFO]     [CACHE] 'The Man from U.N.C.L.E.'
2026-01-20 12:21:36,819 [INFO]   [6/26] Verarbeite: Dante's Peak
2026-01-20 12:21:37,165 [INFO]     [MATCH] 'Dante's Peak' -> JF_ID: d6f99f97de9605caff263603d3f32d4e
2026-01-20 12:21:37,167 [INFO]   [7/26] Verarbeite: World War Z
2026-01-20 12:21:37,536 [INFO]     [MATCH] 'World War Z' -> JF_ID: 7edb7637e121ca1a8b8b514b45e324b9
2026-01-20 12:21:37,537 [INFO]   [8/26] Verarbeite: Deep Impact
2026-01-20 12:21:37,909 [INFO]     [MATCH] 'Deep Impact' -> JF_ID: 7b256d3c6a678413788028d6c2b81977
2026-01-20 12:21:37,910 [INFO]   [9/26] Verarbeite: The Accountant
2026-01-20 12:21:37,910 [INFO]     [CACHE] 'The Accountant'
2026-01-20 12:21:37,910 [INFO]   [10/26] Verarbeite: Contagion
2026-01-20 12:21:37,910 [INFO]     [CACHE] 'Contagion'
2026-01-20 12:21:37,911 [INFO]   [11/26] Verarbeite: Star Trek Into Darkness
2026-01-20 12:21:37,911 [INFO]     [CACHE] 'Star Trek Into Darkness'
2026-01-20 12:21:37,911 [INFO]   [12/26] Verarbeite: Star Trek
2026-01-20 12:21:37,911 [INFO]     [CACHE] 'Star Trek'
2026-01-20 12:21:37,911 [INFO]   [13/26] Verarbeite: Flatliners
2026-01-20 12:21:38,261 [INFO]     [MATCH] 'Flatliners' -> JF_ID: 6c18b1bcdcbd5300afc1e05d483b7eee
2026-01-20 12:21:38,262 [INFO]   [14/26] Verarbeite: Déjà Vu
2026-01-20 12:21:38,262 [INFO]     [CACHE] 'Déjà Vu'
2026-01-20 12:21:38,262 [INFO]   [15/26] Verarbeite: Hitman
2026-01-20 12:21:38,262 [INFO]     [CACHE] 'Hitman'
2026-01-20 12:21:38,263 [INFO]   [16/26] Verarbeite: Constantine
2026-01-20 12:21:38,263 [INFO]     [CACHE] 'Constantine'
2026-01-20 12:21:38,263 [INFO]   [17/26] Verarbeite: Eagle Eye
2026-01-20 12:21:38,263 [INFO]     [CACHE] 'Eagle Eye'
2026-01-20 12:21:38,263 [INFO]   [18/26] Verarbeite: Sherlock Holmes: A Game of Shadows
2026-01-20 12:21:38,263 [INFO]     [CACHE] 'Sherlock Holmes: A Game of Shadows'
2026-01-20 12:21:38,263 [INFO]   [19/26] Verarbeite: Sherlock Holmes
2026-01-20 12:21:38,263 [INFO]     [CACHE] 'Sherlock Holmes'
2026-01-20 12:21:38,263 [INFO]   [20/26] Verarbeite: Poltergeist
2026-01-20 12:21:38,263 [INFO]     [CACHE] 'Poltergeist'
2026-01-20 12:21:38,263 [INFO]   [21/26] Verarbeite: Knight and Day
2026-01-20 12:21:38,680 [INFO]     [MATCH] 'Knight and Day' -> JF_ID: c773e8a9481af7695f02f52abdbd9586
2026-01-20 12:21:38,682 [INFO]   [22/26] Verarbeite: Iron Man
2026-01-20 12:21:39,063 [INFO]     [MATCH] 'Iron Man' -> JF_ID: a537493a95c39a73e7c9418c6f5b0ef5
2026-01-20 12:21:39,065 [INFO]   [23/26] Verarbeite: The Day the Earth Stood Still
2026-01-20 12:21:39,065 [INFO]     [CACHE] 'The Day the Earth Stood Still'
2026-01-20 12:21:39,065 [INFO]   [24/26] Verarbeite: Outlander
2026-01-20 12:21:39,445 [INFO]     [MATCH] 'Outlander' -> JF_ID: 5b24ba471d1102868c1b34c7f657b9e0
2026-01-20 12:21:39,447 [INFO]   [25/26] Verarbeite: Dogma
2026-01-20 12:21:39,447 [INFO]     [CACHE] 'Dogma'
2026-01-20 12:21:39,447 [INFO]   [26/26] Verarbeite: Prince of Persia: The Sands of Time
2026-01-20 12:21:39,809 [INFO]     [MATCH] 'Prince of Persia: The Sands of Time' -> JF_ID: 38aa9a12aba9287d30754d54e2080cce
2026-01-20 12:21:39,848 [INFO]   Erfolg: 26 Movies -> '02-sabis-favoriten'.
2026-01-20 12:21:39,849 [INFO] Sync beendet.
2026-01-20 12:37:53,403 [INFO] Starte Sync...
2026-01-20 12:37:54,177 [INFO] Liste '01) My Favorites': Aktuell.
2026-01-20 12:37:54,210 [INFO] Liste '02) Sabis Favoriten': Aktuell.
2026-01-20 12:37:54,211 [INFO] Sync beendet.
2026-01-20 12:39:45,026 [INFO] EINZEL-MODUS: Starte einmaligen Sync.
2026-01-20 12:39:45,026 [INFO] Starte Sync-Lauf...
2026-01-20 12:39:45,805 [INFO] Liste '01) My Favorites': Aktuell.
2026-01-20 12:39:45,841 [INFO] Liste '02) Sabis Favoriten': Aktuell.
2026-01-20 12:39:45,841 [INFO] Sync-Lauf beendet.
2026-01-20 12:41:07,355 [INFO] INTERVALL-MODUS: Sync alle 60 Minuten aktiv.
2026-01-20 12:41:07,355 [INFO] Starte Sync-Lauf...
2026-01-20 12:41:08,064 [INFO] Liste '01) My Favorites': Aktuell.
2026-01-20 12:41:08,099 [INFO] Liste '02) Sabis Favoriten': Aktuell.
2026-01-20 12:41:08,099 [INFO] Sync-Lauf beendet.
2026-01-20 12:41:08,099 [INFO] Schlafe fuer 60 Minuten...
2026-01-20 12:41:52,216 [INFO] Service aktiv: Sync alle 60 Minuten.
2026-01-20 12:41:52,217 [INFO] Starte Sync-Lauf...
2026-01-20 12:41:52,928 [INFO] Liste '01) My Favorites': Aktuell.
2026-01-20 12:41:52,959 [INFO] Liste '02) Sabis Favoriten': Aktuell.
2026-01-20 12:41:52,959 [INFO] Sync-Lauf beendet.
2026-01-20 13:41:52,962 [INFO] Starte Sync-Lauf...
2026-01-20 13:41:53,868 [INFO] Liste '01) My Favorites': Aktuell.
2026-01-20 13:41:53,900 [INFO] Liste '02) Sabis Favoriten': Aktuell.
2026-01-20 13:41:53,900 [INFO] Sync-Lauf beendet.
2026-01-20 14:41:53,900 [INFO] Starte Sync-Lauf...
2026-01-20 14:41:54,781 [INFO] Liste '01) My Favorites': Aktuell.
2026-01-20 14:41:54,817 [INFO] Liste '02) Sabis Favoriten': Aktuell.
2026-01-20 14:41:54,817 [INFO] Sync-Lauf beendet.
2026-01-20 15:41:54,818 [INFO] Starte Sync-Lauf...
2026-01-20 15:41:55,671 [INFO] Liste '01) My Favorites': Aktuell.
2026-01-20 15:41:55,721 [INFO] Liste '02) Sabis Favoriten': Aktuell.
2026-01-20 15:41:55,721 [INFO] Sync-Lauf beendet.
2026-01-20 16:41:55,722 [INFO] Starte Sync-Lauf...
2026-01-20 16:41:56,564 [INFO] Liste '01) My Favorites': Aktuell.
2026-01-20 16:41:56,607 [INFO] Liste '02) Sabis Favoriten': Aktuell.
2026-01-20 16:41:56,607 [INFO] Sync-Lauf beendet.
2026-01-20 17:41:56,608 [INFO] Starte Sync-Lauf...
2026-01-20 17:41:57,424 [INFO] Liste '01) My Favorites': Aktuell.
2026-01-20 17:41:57,483 [INFO] Liste '02) Sabis Favoriten': Aktuell.
2026-01-20 17:41:57,483 [INFO] Sync-Lauf beendet.
2026-01-20 18:41:57,484 [INFO] Starte Sync-Lauf...
2026-01-20 18:41:58,291 [INFO] Liste '01) My Favorites': Aktuell.
2026-01-20 18:41:58,335 [INFO] Liste '02) Sabis Favoriten': Aktuell.
2026-01-20 18:41:58,335 [INFO] Sync-Lauf beendet.
2026-01-20 19:41:58,336 [INFO] Starte Sync-Lauf...
2026-01-20 19:41:59,201 [INFO] Liste '01) My Favorites': Aktuell.
2026-01-20 19:41:59,228 [INFO] Liste '02) Sabis Favoriten': Aktuell.
2026-01-20 19:41:59,228 [INFO] Sync-Lauf beendet.
2026-01-20 20:41:59,229 [INFO] Starte Sync-Lauf...
2026-01-20 20:42:00,064 [INFO] Liste '01) My Favorites': Aktuell.
2026-01-20 20:42:00,090 [INFO] Liste '02) Sabis Favoriten': Aktuell.
2026-01-20 20:42:00,090 [INFO] Sync-Lauf beendet.
2026-01-20 21:42:00,091 [INFO] Starte Sync-Lauf...
2026-01-20 21:42:00,991 [INFO] Liste '01) My Favorites': Aktuell.
2026-01-20 21:42:01,038 [INFO] Liste '02) Sabis Favoriten': Aktuell.
2026-01-20 21:42:01,039 [INFO] Sync-Lauf beendet.
2026-01-20 22:42:01,039 [INFO] Starte Sync-Lauf...
2026-01-20 22:42:01,885 [INFO] Liste '01) My Favorites': Aktuell.
2026-01-20 22:42:01,908 [INFO] Liste '02) Sabis Favoriten': Aktuell.
2026-01-20 22:42:01,908 [INFO] Sync-Lauf beendet.
2026-01-20 23:42:01,909 [INFO] Starte Sync-Lauf...
2026-01-20 23:42:02,854 [INFO] Liste '01) My Favorites': Aktuell.
2026-01-20 23:42:02,871 [INFO] Liste '02) Sabis Favoriten': Aktuell.
2026-01-20 23:42:02,872 [INFO] Sync-Lauf beendet.
2026-01-21 00:42:01,052 [INFO] Starte Sync-Lauf...
2026-01-21 00:42:01,881 [INFO] Liste '01) My Favorites': Aktuell.
2026-01-21 00:42:01,906 [INFO] Liste '02) Sabis Favoriten': Aktuell.
2026-01-21 00:42:01,906 [INFO] Sync-Lauf beendet.
2026-01-21 01:42:01,907 [INFO] Starte Sync-Lauf...
2026-01-21 01:42:02,720 [INFO] Liste '01) My Favorites': Aktuell.
2026-01-21 01:42:02,738 [INFO] Liste '02) Sabis Favoriten': Aktuell.
2026-01-21 01:42:02,738 [INFO] Sync-Lauf beendet.
2026-01-21 02:42:02,739 [INFO] Starte Sync-Lauf...
2026-01-21 02:42:03,533 [INFO] Liste '01) My Favorites': Aktuell.
2026-01-21 02:42:03,556 [INFO] Liste '02) Sabis Favoriten': Aktuell.
2026-01-21 02:42:03,559 [INFO] Sync-Lauf beendet.
2026-01-21 03:42:03,559 [INFO] Starte Sync-Lauf...
2026-01-21 03:42:04,634 [INFO] Liste '01) My Favorites': Aktuell.
2026-01-21 03:42:04,655 [INFO] Liste '02) Sabis Favoriten': Aktuell.
2026-01-21 03:42:04,656 [INFO] Sync-Lauf beendet.
2026-01-21 04:42:04,657 [INFO] Starte Sync-Lauf...
2026-01-21 04:42:05,470 [INFO] Liste '01) My Favorites': Aktuell.
2026-01-21 04:42:05,486 [INFO] Liste '02) Sabis Favoriten': Aktuell.
2026-01-21 04:42:05,486 [INFO] Sync-Lauf beendet.
2026-01-21 05:42:05,486 [INFO] Starte Sync-Lauf...
2026-01-21 05:42:06,252 [INFO] Liste '01) My Favorites': Aktuell.
2026-01-21 05:42:06,283 [INFO] Liste '02) Sabis Favoriten': Aktuell.
2026-01-21 05:42:06,283 [INFO] Sync-Lauf beendet.
2026-01-21 06:42:06,284 [INFO] Starte Sync-Lauf...
2026-01-21 06:42:07,106 [INFO] Liste '01) My Favorites': Aktuell.
2026-01-21 06:42:07,131 [INFO] Liste '02) Sabis Favoriten': Aktuell.
2026-01-21 06:42:07,132 [INFO] Sync-Lauf beendet.
2026-01-21 07:42:07,133 [INFO] Starte Sync-Lauf...
2026-01-21 07:42:07,935 [INFO] Liste '01) My Favorites': Aktuell.
2026-01-21 07:42:07,959 [INFO] Liste '02) Sabis Favoriten': Aktuell.
2026-01-21 07:42:07,959 [INFO] Sync-Lauf beendet.
2026-01-21 08:42:07,997 [INFO] Starte Sync-Lauf...
2026-01-21 08:42:08,840 [INFO] Liste '01) My Favorites': Aktuell.
2026-01-21 08:42:08,867 [INFO] Liste '02) Sabis Favoriten': Aktuell.
2026-01-21 08:42:08,867 [INFO] Sync-Lauf beendet.
